This is pdfTeX, Version 3.14159265-2.6-1.40.16 (TeX Live 2015/Debian) (preloaded format=pdflatex 2016.1.10)  14 FEB 2016 14:06
entering extended mode
 restricted \write18 enabled.
 %&-line parsing enabled.
**amsbook-template.tex
(./amsbook-template.tex
LaTeX2e <2015/01/01>
Babel <3.9l> and hyphenation patterns for 79 languages loaded.
(/usr/share/texlive/texmf-dist/tex/latex/amscls/amsbook.cls
Document Class: amsbook 2015/03/04 v2.20.2
\linespacing=\dimen102
\normalparindent=\dimen103
\normaltopskip=\skip41
(/usr/share/texlive/texmf-dist/tex/latex/amsmath/amsmath.sty
Package: amsmath 2013/01/14 v2.14 AMS math features
\@mathmargin=\skip42

For additional information on amsmath, use the `?' option.
(/usr/share/texlive/texmf-dist/tex/latex/amsmath/amstext.sty
Package: amstext 2000/06/29 v2.01

(/usr/share/texlive/texmf-dist/tex/latex/amsmath/amsgen.sty
File: amsgen.sty 1999/11/30 v2.0
\@emptytoks=\toks14
\ex@=\dimen104
))
(/usr/share/texlive/texmf-dist/tex/latex/amsmath/amsbsy.sty
Package: amsbsy 1999/11/29 v1.2d
\pmbraise@=\dimen105
)
(/usr/share/texlive/texmf-dist/tex/latex/amsmath/amsopn.sty
Package: amsopn 1999/12/14 v2.01 operator names
)
\inf@bad=\count79
LaTeX Info: Redefining \frac on input line 210.
\uproot@=\count80
\leftroot@=\count81
LaTeX Info: Redefining \overline on input line 306.
\classnum@=\count82
\DOTSCASE@=\count83
LaTeX Info: Redefining \ldots on input line 378.
LaTeX Info: Redefining \dots on input line 381.
LaTeX Info: Redefining \cdots on input line 466.
\Mathstrutbox@=\box26
\strutbox@=\box27
\big@size=\dimen106
LaTeX Font Info:    Redeclaring font encoding OML on input line 566.
LaTeX Font Info:    Redeclaring font encoding OMS on input line 567.
\macc@depth=\count84
\c@MaxMatrixCols=\count85
\dotsspace@=\muskip10
\c@parentequation=\count86
\dspbrk@lvl=\count87
\tag@help=\toks15
\row@=\count88
\column@=\count89
\maxfields@=\count90
\andhelp@=\toks16
\eqnshift@=\dimen107
\alignsep@=\dimen108
\tagshift@=\dimen109
\tagwidth@=\dimen110
\totwidth@=\dimen111
\lineht@=\dimen112
\@envbody=\toks17
\multlinegap=\skip43
\multlinetaggap=\skip44
\mathdisplay@stack=\toks18
LaTeX Info: Redefining \[ on input line 2665.
LaTeX Info: Redefining \] on input line 2666.
)
LaTeX Font Info:    Try loading font information for U+msa on input line 367.

(/usr/share/texlive/texmf-dist/tex/latex/amsfonts/umsa.fd
File: umsa.fd 2013/01/14 v3.01 AMS symbols A
)
(/usr/share/texlive/texmf-dist/tex/latex/amsfonts/amsfonts.sty
Package: amsfonts 2013/01/14 v3.01 Basic AMSFonts support
\symAMSa=\mathgroup4
\symAMSb=\mathgroup5
LaTeX Font Info:    Overwriting math alphabet `\mathfrak' in version `bold'
(Font)                  U/euf/m/n --> U/euf/b/n on input line 106.
)
\copyins=\insert233
\abstractbox=\box28
\listisep=\skip45
\c@part=\count91
\c@chapter=\count92
\c@section=\count93
\c@subsection=\count94
\c@subsubsection=\count95
\c@paragraph=\count96
\c@subparagraph=\count97
\c@figure=\count98
\c@table=\count99
\abovecaptionskip=\skip46
\belowcaptionskip=\skip47
\captionindent=\dimen113
\thm@style=\toks19
\thm@bodyfont=\toks20
\thm@headfont=\toks21
\thm@notefont=\toks22
\thm@headpunct=\toks23
\thm@preskip=\skip48
\thm@postskip=\skip49
\thm@headsep=\skip50
\dth@everypar=\toks24
)
(/usr/share/texlive/texmf-dist/tex/latex/amsfonts/amssymb.sty
Package: amssymb 2013/01/14 v3.01 AMS font symbols
)
(/usr/share/texlive/texmf-dist/tex/latex/tools/indentfirst.sty
Package: indentfirst 1995/11/23 v1.03 Indent first paragraph (DPC)
)
(/usr/share/texlive/texmf-dist/tex/latex/url/url.sty
\Urlmuskip=\muskip11
Package: url 2013/09/16  ver 3.4  Verb mode for urls, etc.
)
(/usr/share/texlive/texmf-dist/tex/latex/cite/cite.sty
LaTeX Info: Redefining \cite on input line 302.
LaTeX Info: Redefining \nocite on input line 332.
Package: cite 2015/02/27  v 5.5
)
(/usr/share/texlive/texmf-dist/tex/latex/hyperref/hyperref.sty
Package: hyperref 2012/11/06 v6.83m Hypertext links for LaTeX

(/usr/share/texlive/texmf-dist/tex/generic/oberdiek/hobsub-hyperref.sty
Package: hobsub-hyperref 2012/05/28 v1.13 Bundle oberdiek, subset hyperref (HO)


(/usr/share/texlive/texmf-dist/tex/generic/oberdiek/hobsub-generic.sty
Package: hobsub-generic 2012/05/28 v1.13 Bundle oberdiek, subset generic (HO)
Package: hobsub 2012/05/28 v1.13 Construct package bundles (HO)
Package: infwarerr 2010/04/08 v1.3 Providing info/warning/error messages (HO)
Package: ltxcmds 2011/11/09 v1.22 LaTeX kernel commands for general use (HO)
Package: ifluatex 2010/03/01 v1.3 Provides the ifluatex switch (HO)
Package ifluatex Info: LuaTeX not detected.
Package: ifvtex 2010/03/01 v1.5 Detect VTeX and its facilities (HO)
Package ifvtex Info: VTeX not detected.
Package: intcalc 2007/09/27 v1.1 Expandable calculations with integers (HO)
Package: ifpdf 2011/01/30 v2.3 Provides the ifpdf switch (HO)
Package ifpdf Info: pdfTeX in PDF mode is detected.
Package: etexcmds 2011/02/16 v1.5 Avoid name clashes with e-TeX commands (HO)
Package etexcmds Info: Could not find \expanded.
(etexcmds)             That can mean that you are not using pdfTeX 1.50 or
(etexcmds)             that some package has redefined \expanded.
(etexcmds)             In the latter case, load this package earlier.
Package: kvsetkeys 2012/04/25 v1.16 Key value parser (HO)
Package: kvdefinekeys 2011/04/07 v1.3 Define keys (HO)
Package: pdftexcmds 2011/11/29 v0.20 Utility functions of pdfTeX for LuaTeX (HO
)
Package pdftexcmds Info: LuaTeX not detected.
Package pdftexcmds Info: \pdf@primitive is available.
Package pdftexcmds Info: \pdf@ifprimitive is available.
Package pdftexcmds Info: \pdfdraftmode found.
Package: pdfescape 2011/11/25 v1.13 Implements pdfTeX's escape features (HO)
Package: bigintcalc 2012/04/08 v1.3 Expandable calculations on big integers (HO
)
Package: bitset 2011/01/30 v1.1 Handle bit-vector datatype (HO)
Package: uniquecounter 2011/01/30 v1.2 Provide unlimited unique counter (HO)
)
Package hobsub Info: Skipping package `hobsub' (already loaded).
Package: letltxmacro 2010/09/02 v1.4 Let assignment for LaTeX macros (HO)
Package: hopatch 2012/05/28 v1.2 Wrapper for package hooks (HO)
Package: xcolor-patch 2011/01/30 xcolor patch
Package: atveryend 2011/06/30 v1.8 Hooks at the very end of document (HO)
Package atveryend Info: \enddocument detected (standard20110627).
Package: atbegshi 2011/10/05 v1.16 At begin shipout hook (HO)
Package: refcount 2011/10/16 v3.4 Data extraction from label references (HO)
Package: hycolor 2011/01/30 v1.7 Color options for hyperref/bookmark (HO)
)
(/usr/share/texlive/texmf-dist/tex/latex/graphics/keyval.sty
Package: keyval 2014/10/28 v1.15 key=value parser (DPC)
\KV@toks@=\toks25
)
(/usr/share/texlive/texmf-dist/tex/generic/ifxetex/ifxetex.sty
Package: ifxetex 2010/09/12 v0.6 Provides ifxetex conditional
)
(/usr/share/texlive/texmf-dist/tex/latex/oberdiek/auxhook.sty
Package: auxhook 2011/03/04 v1.3 Hooks for auxiliary files (HO)
)
(/usr/share/texlive/texmf-dist/tex/latex/oberdiek/kvoptions.sty
Package: kvoptions 2011/06/30 v3.11 Key value format for package options (HO)
)
\@linkdim=\dimen114
\Hy@linkcounter=\count100
\Hy@pagecounter=\count101

(/usr/share/texlive/texmf-dist/tex/latex/hyperref/pd1enc.def
File: pd1enc.def 2012/11/06 v6.83m Hyperref: PDFDocEncoding definition (HO)
)
\Hy@SavedSpaceFactor=\count102

(/usr/share/texlive/texmf-dist/tex/latex/latexconfig/hyperref.cfg
File: hyperref.cfg 2002/06/06 v1.2 hyperref configuration of TeXLive
)
Package hyperref Info: Hyper figures OFF on input line 4443.
Package hyperref Info: Link nesting OFF on input line 4448.
Package hyperref Info: Hyper index ON on input line 4451.
Package hyperref Info: Plain pages OFF on input line 4458.
Package hyperref Info: Backreferencing OFF on input line 4463.
Package hyperref Info: Implicit mode ON; LaTeX internals redefined.
Package hyperref Info: Bookmarks ON on input line 4688.
\c@Hy@tempcnt=\count103
LaTeX Info: Redefining \url on input line 5041.
\XeTeXLinkMargin=\dimen115
\Fld@menulength=\count104
\Field@Width=\dimen116
\Fld@charsize=\dimen117
Package hyperref Info: Hyper figures OFF on input line 6295.
Package hyperref Info: Link nesting OFF on input line 6300.
Package hyperref Info: Hyper index ON on input line 6303.
Package hyperref Info: backreferencing OFF on input line 6310.
Package hyperref Info: Link coloring OFF on input line 6315.
Package hyperref Info: Link coloring with OCG OFF on input line 6320.
Package hyperref Info: PDF/A mode OFF on input line 6325.
LaTeX Info: Redefining \ref on input line 6365.
LaTeX Info: Redefining \pageref on input line 6369.
\Hy@abspage=\count105
\c@Item=\count106
\c@Hfootnote=\count107
)

Package hyperref Message: Driver (autodetected): hpdftex.

(/usr/share/texlive/texmf-dist/tex/latex/hyperref/hpdftex.def
File: hpdftex.def 2012/11/06 v6.83m Hyperref driver for pdfTeX
\Fld@listcount=\count108
\c@bookmark@seq@number=\count109

(/usr/share/texlive/texmf-dist/tex/latex/oberdiek/rerunfilecheck.sty
Package: rerunfilecheck 2011/04/15 v1.7 Rerun checks for auxiliary files (HO)
Package uniquecounter Info: New unique counter `rerunfilecheck' on input line 2
82.
)
\Hy@SectionHShift=\skip51
)
\c@theorem=\count110
\@indexfile=\write3
\openout3 = `amsbook-template.idx'.


Writing index file amsbook-template.idx
(./amsbook-template.aux
(./chapters/Nondimensionalization_of_Navier_Stokes_Equations.aux)
(./chapters/From_Navier_Stokes_to_Stokes.aux

LaTeX Warning: Label `NS1-viscNondim' multiply defined.


LaTeX Warning: Label `NS2-viscNondim' multiply defined.

)
(./chapters/Nondimensionalization_of_Temperature_Advection_Diffusion_Equation.a
ux) (./chapters/Nondimensionalization_for_Boussinesq_approximation.aux

LaTeX Warning: Label `heat_eq' multiply defined.

) (./chapters/Nondimensionalization_for_Mantle_Convection.aux)
(./chapters/appendix/pi_theorem.aux) (./chapters/appendix/poisson_pressure.aux

LaTeX Warning: Label `NS1-Poisson' multiply defined.


LaTeX Warning: Label `NS2-Poisson' multiply defined.

))
\openout1 = `amsbook-template.aux'.

LaTeX Font Info:    Checking defaults for OML/cmm/m/it on input line 69.
LaTeX Font Info:    ... okay on input line 69.
LaTeX Font Info:    Checking defaults for T1/cmr/m/n on input line 69.
LaTeX Font Info:    ... okay on input line 69.
LaTeX Font Info:    Checking defaults for OT1/cmr/m/n on input line 69.
LaTeX Font Info:    ... okay on input line 69.
LaTeX Font Info:    Checking defaults for OMS/cmsy/m/n on input line 69.
LaTeX Font Info:    ... okay on input line 69.
LaTeX Font Info:    Checking defaults for OMX/cmex/m/n on input line 69.
LaTeX Font Info:    ... okay on input line 69.
LaTeX Font Info:    Checking defaults for U/cmr/m/n on input line 69.
LaTeX Font Info:    ... okay on input line 69.
LaTeX Font Info:    Checking defaults for PD1/pdf/m/n on input line 69.
LaTeX Font Info:    ... okay on input line 69.
LaTeX Font Info:    Try loading font information for U+msa on input line 69.
 (/usr/share/texlive/texmf-dist/tex/latex/amsfonts/umsa.fd
File: umsa.fd 2013/01/14 v3.01 AMS symbols A
)
LaTeX Font Info:    Try loading font information for U+msb on input line 69.

(/usr/share/texlive/texmf-dist/tex/latex/amsfonts/umsb.fd
File: umsb.fd 2013/01/14 v3.01 AMS symbols B
)
\AtBeginShipoutBox=\box29
Package hyperref Info: Link coloring OFF on input line 69.

(/usr/share/texlive/texmf-dist/tex/latex/hyperref/nameref.sty
Package: nameref 2012/10/27 v2.43 Cross-referencing by name of section

(/usr/share/texlive/texmf-dist/tex/generic/oberdiek/gettitlestring.sty
Package: gettitlestring 2010/12/03 v1.4 Cleanup title references (HO)
)
\c@section@level=\count111
)
LaTeX Info: Redefining \ref on input line 69.
LaTeX Info: Redefining \pageref on input line 69.
LaTeX Info: Redefining \nameref on input line 69.

(./amsbook-template.out) (./amsbook-template.out)
\@outlinefile=\write4
\openout4 = `amsbook-template.out'.

 [1




{/var/lib/texmf/fonts/map/pdftex/updmap/pdftex.map}] [4]
Contents
(./amsbook-template.toc [5


])
\tf@toc=\write5
\openout5 = `amsbook-template.toc'.

 [6]
Introduction

Underfull \vbox (badness 10000) has occurred while \output is active []

 [1




]
[2]
Chapter 1
[3


]
\openout2 = `chapters/Nondimensionalization_of_Navier_Stokes_Equations.aux'.

 (./chapters/Nondimensionalization_of_Navier_Stokes_Equations.tex [4

]
[5]
Overfull \hbox (2.66577pt too wide) in paragraph at lines 172--173
[]\OT1/cmr/m/n/10 In the case in which the en-ergy dis-si-pa-tion due to vis-co
s-ity is too slow ($\OML/cmm/m/it/10 T[] \OMS/cmsy/m/n/10 ^^\
 []

[6] [7]
Overfull \hbox (1.06438pt too wide) in paragraph at lines 231--232
 \OT1/cmr/bx/n/10 1.3.4.Further In-ves-ti-ga-tion of the Sys-tem.[][] \OT1/cmr/
m/n/10 Thus, it is ev-i-dent that nondi-
 []

) [8]
Chapter 2
[9



]
\openout2 = `chapters/From_Navier_Stokes_to_Stokes.aux'.

 (./chapters/From_Navier_Stokes_to_Stokes.tex
Overfull \hbox (17.04208pt too wide) in paragraph at lines 54--55
 \OT1/cmr/bx/n/10 2.2.1.Physical Mean-ing of Small Reynolds Num-ber.[][] \OT1/c
mr/m/n/10 A very small Reynolds
 []

[10

] [11] [12]) [13]
Chapter 3
[14



]
\openout2 = `chapters/Nondimensionalization_of_Temperature_Advection_Diffusion_
Equation.aux'.


(./chapters/Nondimensionalization_of_Temperature_Advection_Diffusion_Equation.t
ex [15

] [16]
Overfull \hbox (13.4232pt too wide) has occurred while \output is active
 \OT1/cmr/m/n/7 3.3. NONDIMENSIONALIZATION OF THE TEMPERATURE ADVECTION-DIFFUSI
ON EQUATION []
 []

[17])
Overfull \hbox (13.4232pt too wide) has occurred while \output is active
 \OT1/cmr/m/n/7 3.3. NONDIMENSIONALIZATION OF THE TEMPERATURE ADVECTION-DIFFUSI
ON EQUATION []
 []

[18]
Chapter 4
[19



]
\openout2 = `chapters/Nondimensionalization_for_Boussinesq_approximation.aux'.

 (./chapters/Nondimensionalization_for_Boussinesq_approximation.tex
[20

]
Overfull \hbox (5.3494pt too wide) in paragraph at lines 101--102
 \OT1/cmr/bx/n/10 4.2.4.Navier-Stokes Equa-tions.[][] \OT1/cmr/m/n/10 The only 
change in the Navier-Stokes equa-
 []

[21] [22]) [23]
Chapter 5
[24



]
\openout2 = `chapters/Nondimensionalization_for_Mantle_Convection.aux'.

 (./chapters/Nondimensionalization_for_Mantle_Convection.tex [25

] [26]
[27]) [28]
Appendix A

Package hyperref Warning: Token not allowed in a PDF string (PDFDocEncoding):
(hyperref)                removing `math shift' on input line 164.


Package hyperref Warning: Token not allowed in a PDF string (PDFDocEncoding):
(hyperref)                removing `\Pi' on input line 164.


Package hyperref Warning: Token not allowed in a PDF string (PDFDocEncoding):
(hyperref)                removing `math shift' on input line 164.

[29



]
\openout2 = `chapters/appendix/pi_theorem.aux'.

 (./chapters/appendix/pi_theorem.tex

Package hyperref Warning: Token not allowed in a PDF string (PDFDocEncoding):
(hyperref)                removing `math shift' on input line 88.


Package hyperref Warning: Token not allowed in a PDF string (PDFDocEncoding):
(hyperref)                removing `\Pi' on input line 88.


Package hyperref Warning: Token not allowed in a PDF string (PDFDocEncoding):
(hyperref)                removing `math shift' on input line 88.


Overfull \hbox (4.74924pt too wide) in paragraph at lines 99--100
\OT1/cmr/m/n/10 are mea-sured against a con-ven-tion-ally cho-sen sys-tem of un
its $\OT1/cmr/bx/n/10 X \OT1/cmr/m/n/10 = []$.
 []


Overfull \hbox (37.17159pt too wide) detected at line 110
\OT1/cmr/m/n/10 [\OML/cmm/m/it/10 AB\OT1/cmr/m/n/10 ] = [ [] \OML/cmm/m/it/10 X
[] [] X[] \OT1/cmr/m/n/10 ] = [ [] \OML/cmm/m/it/10 X[]X[] \OT1/cmr/m/n/10 ] = 
[ [] \OML/cmm/m/it/10 X[] \OT1/cmr/m/n/10 ] = [](\OML/cmm/m/it/10 d[] \OT1/cmr/
m/n/10 + \OML/cmm/m/it/10 d[]\OT1/cmr/m/n/10 )[\OML/cmm/m/it/10 X[]\OT1/cmr/m/n
/10 ] = [\OML/cmm/m/it/10 A\OT1/cmr/m/n/10 ] + [\OML/cmm/m/it/10 B\OT1/cmr/m/n/
10 ]
 []

[30

] [31] [32] [33]) [34]
Appendix B
[35



]
\openout2 = `chapters/appendix/poisson_pressure.aux'.

 (./chapters/appendix/poisson_pressure.tex [36

]) [37]
(./amsbook-template.bbl
Bibliography

Underfull \hbox (badness 1259) in paragraph at lines 36--38
[]\OT1/cmr/m/n/8 H. Hanche-Olsen, \OT1/cmr/m/it/8 Buck-ing-ham's Pi-theorem\OT1
/cmr/m/n/8 , []$\OT1/cmtt/m/n/8 http : / / www . math . ntnu . no / []hanche / 
notes /
 []

)
No file amsbook-template.ind.
Package atveryend Info: Empty hook `BeforeClearDocument' on input line 177.
[38





]
Package atveryend Info: Empty hook `AfterLastShipout' on input line 177.
 (./amsbook-template.aux
(./chapters/Nondimensionalization_of_Navier_Stokes_Equations.aux)
(./chapters/From_Navier_Stokes_to_Stokes.aux)
(./chapters/Nondimensionalization_of_Temperature_Advection_Diffusion_Equation.a
ux) (./chapters/Nondimensionalization_for_Boussinesq_approximation.aux)
(./chapters/Nondimensionalization_for_Mantle_Convection.aux)
(./chapters/appendix/pi_theorem.aux) (./chapters/appendix/poisson_pressure.aux)
)
Package atveryend Info: Executing hook `AtVeryEndDocument' on input line 177.
Package atveryend Info: Executing hook `AtEndAfterFileList' on input line 177.
Package rerunfilecheck Info: File `amsbook-template.out' has not changed.
(rerunfilecheck)             Checksum: B21132D79C43E8A1DF4E0D5AEA2A928C;4896.


LaTeX Warning: There were multiply-defined labels.

Package atveryend Info: Empty hook `AtVeryVeryEnd' on input line 177.
 ) 
Here is how much of TeX's memory you used:
 6101 strings out of 493085
 87783 string characters out of 6136917
 170923 words of memory out of 5000000
 9122 multiletter control sequences out of 15000+600000
 13475 words of font info for 52 fonts, out of 8000000 for 9000
 1304 hyphenation exceptions out of 8191
 34i,8n,33p,1537b,413s stack positions out of 5000i,500n,10000p,200000b,80000s
</usr/share/texlive/texmf-dist/fonts/type1/public/amsfonts/cm/cmbx10.pfb></us
r/share/texlive/texmf-dist/fonts/type1/public/amsfonts/cm/cmbx12.pfb></usr/shar
e/texlive/texmf-dist/fonts/type1/public/amsfonts/cm/cmbx8.pfb></usr/share/texli
ve/texmf-dist/fonts/type1/public/amsfonts/cm/cmcsc10.pfb></usr/share/texlive/te
xmf-dist/fonts/type1/public/amsfonts/cm/cmex10.pfb></usr/share/texlive/texmf-di
st/fonts/type1/public/amsfonts/cm/cmmi10.pfb></usr/share/texlive/texmf-dist/fon
ts/type1/public/amsfonts/cm/cmmi5.pfb></usr/share/texlive/texmf-dist/fonts/type
1/public/amsfonts/cm/cmmi7.pfb></usr/share/texlive/texmf-dist/fonts/type1/publi
c/amsfonts/cm/cmr10.pfb></usr/share/texlive/texmf-dist/fonts/type1/public/amsfo
nts/cm/cmr12.pfb></usr/share/texlive/texmf-dist/fonts/type1/public/amsfonts/cm/
cmr5.pfb></usr/share/texlive/texmf-dist/fonts/type1/public/amsfonts/cm/cmr7.pfb
></usr/share/texlive/texmf-dist/fonts/type1/public/amsfonts/cm/cmr8.pfb></usr/s
hare/texlive/texmf-dist/fonts/type1/public/amsfonts/cm/cmsy10.pfb></usr/share/t
exlive/texmf-dist/fonts/type1/public/amsfonts/cm/cmsy7.pfb></usr/share/texlive/
texmf-dist/fonts/type1/public/amsfonts/cm/cmti10.pfb></usr/share/texlive/texmf-
dist/fonts/type1/public/amsfonts/cm/cmti8.pfb></usr/share/texlive/texmf-dist/fo
nts/type1/public/amsfonts/cm/cmtt10.pfb></usr/share/texlive/texmf-dist/fonts/ty
pe1/public/amsfonts/cm/cmtt8.pfb></usr/share/texlive/texmf-dist/fonts/type1/pub
lic/amsfonts/symbols/msbm10.pfb>
Output written on amsbook-template.pdf (42 pages, 358181 bytes).
PDF statistics:
 833 PDF objects out of 1000 (max. 8388607)
 761 compressed objects within 8 object streams
 214 named destinations out of 1000 (max. 500000)
 465 words of extra memory for PDF output out of 10000 (max. 10000000)

