\BOOKMARK [0][-]{chapter*.1}{Introduction}{}% 1
\BOOKMARK [0][-]{chapter.1}{Chapter 1. Incompressible Navier-Stokes Equations}{}% 2
\BOOKMARK [1][-]{section.1.1}{1.1. Introduction}{chapter.1}% 3
\BOOKMARK [1][-]{section.1.2}{1.2. Navier-Stokes Equations}{chapter.1}% 4
\BOOKMARK [1][-]{section.1.3}{1.3. Nondimensionalization of Navier-Stokes Equations}{chapter.1}% 5
\BOOKMARK [2][-]{subsection.1.3.1}{1.3.1. Perspective of Nondimensionalization}{section.1.3}% 6
\BOOKMARK [2][-]{subsection.1.3.2}{1.3.2. Inertial Flow Perspective}{section.1.3}% 7
\BOOKMARK [2][-]{subsection.1.3.3}{1.3.3. Viscous Flow Perspective}{section.1.3}% 8
\BOOKMARK [2][-]{subsection.1.3.4}{1.3.4. Further Investigation of the System}{section.1.3}% 9
\BOOKMARK [0][-]{chapter.2}{Chapter 2. Stokes Equations}{}% 10
\BOOKMARK [1][-]{section.2.1}{2.1. Introduction}{chapter.2}% 11
\BOOKMARK [1][-]{section.2.2}{2.2. Low Reynolds Number Flows}{chapter.2}% 12
\BOOKMARK [2][-]{subsection.2.2.1}{2.2.1. Physical Meaning of Small Reynolds Number}{section.2.2}% 13
\BOOKMARK [2][-]{subsection.2.2.2}{2.2.2. Estimation of Nondimensional Parameters}{section.2.2}% 14
\BOOKMARK [2][-]{subsection.2.2.3}{2.2.3. Stokes Equations}{section.2.2}% 15
\BOOKMARK [1][-]{section.2.3}{2.3. Passage to Dimensional Stokes Equations}{chapter.2}% 16
\BOOKMARK [2][-]{subsection.2.3.1}{2.3.1. Stokes Equations vs. Navier-Stokes}{section.2.3}% 17
\BOOKMARK [0][-]{chapter.3}{Chapter 3. Temperature Advection-Diffusion Equation}{}% 18
\BOOKMARK [1][-]{section.3.1}{3.1. Introduction}{chapter.3}% 19
\BOOKMARK [1][-]{section.3.2}{3.2. Derivation of Temperature Advection-Diffusion Equation}{chapter.3}% 20
\BOOKMARK [2][-]{subsection.3.2.1}{3.2.1. Constant Heat Capacity}{section.3.2}% 21
\BOOKMARK [2][-]{subsection.3.2.2}{3.2.2. Fourier Law of Heat Conduction}{section.3.2}% 22
\BOOKMARK [2][-]{subsection.3.2.3}{3.2.3. Conservation of Energy}{section.3.2}% 23
\BOOKMARK [1][-]{section.3.3}{3.3. Nondimensionalization of the Temperature Advection-Diffusion Equation}{chapter.3}% 24
\BOOKMARK [2][-]{subsection.3.3.1}{3.3.1. Advective Term Perspective}{section.3.3}% 25
\BOOKMARK [2][-]{subsection.3.3.2}{3.3.2. Conduction Term Perspective}{section.3.3}% 26
\BOOKMARK [0][-]{chapter.4}{Chapter 4. The Boussinesq Approximation}{}% 27
\BOOKMARK [1][-]{section.4.1}{4.1. Introduction}{chapter.4}% 28
\BOOKMARK [1][-]{section.4.2}{4.2. Derivation of Boussinesq Approximation}{chapter.4}% 29
\BOOKMARK [2][-]{subsection.4.2.1}{4.2.1. Goal of Boussinesq Approximation}{section.4.2}% 30
\BOOKMARK [2][-]{subsection.4.2.2}{4.2.2. Equation of State}{section.4.2}% 31
\BOOKMARK [2][-]{subsection.4.2.3}{4.2.3. Temperature Advection-Diffusion Equation}{section.4.2}% 32
\BOOKMARK [2][-]{subsection.4.2.4}{4.2.4. Navier-Stokes Equations}{section.4.2}% 33
\BOOKMARK [2][-]{subsection.4.2.5}{4.2.5. Equations of Boussinesq Approximation}{section.4.2}% 34
\BOOKMARK [1][-]{section.4.3}{4.3. Nondimensionalization}{chapter.4}% 35
\BOOKMARK [2][-]{subsection.4.3.1}{4.3.1. Nondimensional Form of Boussinesq Equations}{section.4.3}% 36
\BOOKMARK [0][-]{chapter.5}{Chapter 5. The Equations of Mantle Convection}{}% 37
\BOOKMARK [1][-]{section.5.1}{5.1. Introduction}{chapter.5}% 38
\BOOKMARK [1][-]{section.5.2}{5.2. Choice of Scales}{chapter.5}% 39
\BOOKMARK [2][-]{subsection.5.2.1}{5.2.1. Time Scale}{section.5.2}% 40
\BOOKMARK [2][-]{subsection.5.2.2}{5.2.2. Pressure Scale}{section.5.2}% 41
\BOOKMARK [1][-]{section.5.3}{5.3. Nondimensional Form of Equations}{chapter.5}% 42
\BOOKMARK [2][-]{subsection.5.3.1}{5.3.1. Limit of Infinite Prandtl Number}{section.5.3}% 43
\BOOKMARK [0][-]{appendix.A}{Appendix A. Buckingham's -Theorem}{}% 44
\BOOKMARK [1][-]{section.A.1}{A.1. Introduction}{appendix.A}% 45
\BOOKMARK [2][-]{subsection.A.1.1}{A.1.1. Content of Buckingham's -Theorem}{section.A.1}% 46
\BOOKMARK [1][-]{section.A.2}{A.2. Dimensionality Reduction of a System of Physical Quantities}{appendix.A}% 47
\BOOKMARK [2][-]{subsection.A.2.1}{A.2.1. Physical Dimensions Form a Linear Space}{section.A.2}% 48
\BOOKMARK [2][-]{subsection.A.2.2}{A.2.2. Dimensional Matrix}{section.A.2}% 49
\BOOKMARK [2][-]{subsection.A.2.3}{A.2.3. Buckingham's Theorem}{section.A.2}% 50
\BOOKMARK [1][-]{section.A.3}{A.3. Dimensionality Reduction of a Physical Functional Dependence}{appendix.A}% 51
\BOOKMARK [0][-]{appendix.B}{Appendix B. Poisson Equation for Pressure}{}% 52
\BOOKMARK [1][-]{section.B.1}{B.1. Introduction}{appendix.B}% 53
\BOOKMARK [1][-]{section.B.2}{B.2. Tensor Notation}{appendix.B}% 54
\BOOKMARK [2][-]{subsection.B.2.1}{B.2.1. Navier-Stokes Equations in Tensor Notation}{section.B.2}% 55
\BOOKMARK [1][-]{section.B.3}{B.3. Poisson Equation for Pressure Field in an Incompressible Flow}{appendix.B}% 56
\BOOKMARK [1][-]{section.B.4}{B.4. Laplace Equation for Pressure in Stokes Equations}{appendix.B}% 57
\BOOKMARK [0][-]{appendix*.2}{Bibliography}{}% 58
