\BOOKMARK [1][-]{section.1}{Equations of Boussinesq Approximation in Dimensional Form}{}% 1
\BOOKMARK [2][-]{subsection.1.1}{Physical Meaning of the Equations}{section.1}% 2
\BOOKMARK [1][-]{section.2}{Applications of the Boussinesq Approximation}{}% 3
\BOOKMARK [1][-]{section.3}{History of the Boussinesq Approximation}{}% 4
\BOOKMARK [1][-]{section.4}{Boussinesq Approximation in Computational Models of Mantle Convection}{}% 5
\BOOKMARK [1][-]{section.5}{Critique of the Boussinesq Approximation}{}% 6
\BOOKMARK [1][-]{section.6}{Nondimensionalization and Choice of Scales}{}% 7
\BOOKMARK [2][-]{subsection.6.1}{Characteristic Length Scale}{section.6}% 8
\BOOKMARK [2][-]{subsection.6.2}{Characteristic Temperature Scale}{section.6}% 9
\BOOKMARK [2][-]{subsection.6.3}{Characteristic Time Scale}{section.6}% 10
\BOOKMARK [2][-]{subsection.6.4}{Characteristic Velocity Scale}{section.6}% 11
\BOOKMARK [2][-]{subsection.6.5}{Characteristic Pressure Scale}{section.6}% 12
\BOOKMARK [1][-]{section.7}{Nondimensional Form of the Equations of Boussinesq Approximation}{}% 13
\BOOKMARK [2][-]{subsection.7.1}{Physical Meaning of the Rayleigh Number}{section.7}% 14
\BOOKMARK [1][-]{appendix.A}{Buckingham's \040Theorem}{}% 15
\BOOKMARK [2][-]{subsection.A.1}{Content of Buckingham's -Theorem}{appendix.A}% 16
\BOOKMARK [2][-]{subsection.A.2}{Physical Dimensions Form a Linear Space}{appendix.A}% 17
\BOOKMARK [2][-]{subsection.A.3}{Dimensional Matrix}{appendix.A}% 18
\BOOKMARK [3][-]{subsubsection.A.3.1}{Dimensionless Quantities and Kernel of the Dimensional Matrix}{subsection.A.3}% 19
\BOOKMARK [3][-]{subsubsection.A.3.2}{Dimensionally Independent Physical Quantities and the Rank of the Dimensional Matrix}{subsection.A.3}% 20
\BOOKMARK [2][-]{subsection.A.4}{Buckingham's Theorem}{appendix.A}% 21
\BOOKMARK [2][-]{subsection.A.5}{Dimensionality Reduction of a Physical Functional Dependence}{appendix.A}% 22
\BOOKMARK [1][-]{section*.4}{References}{}% 23
